1,
ok
2,1
ok
3,2
ok
4,3
ok
5,4
ok
6,5
ok
7,6
ok
8,7
ok
9,8
ok
10,9
ok
11,10
ok
12,11
ok
13,12
ok
14,13
ok
15,14
ok
16,15
ok
17,16
ok
18,17
ok
19,18
ok
20,19
ok
21,20
ok
22,21
ok
23,22
ok
24,23
ok
25,24
ok
26,25
ok
27,26
ok
29,27
ok
30,28
ok
31,29
ok
32,30
ok
33,31
ok
34,32
ok
35,33
ok
36,34
ok
37,35
ok
38,36
ok
39,37
ok
40,38
ok
41,39
ok
42,40
ok
43,41
ok
44,42
ok
45,43
ok
46,44
ok
47,45
ok
48,46
ok
49,47
ok
50,48
ok
51,49
ok
52,50
ok
53,51
ok
54,52
ok
55,53
ok
56,54
ok
57,55
ok
58,56
ok
59,57
ok
60,58
ok
61,59
ok
62,60
ok
63,61
ok
64,62
ok
65,63
ok
66,64
ok
67,65
ok
68,66
ok
69,67
ok
70,68
ok
71,69
ok
72,70
ok
73,71
ok
74,72
ok
75,73
ok
76,74
ok
77,75
ok
78,76
ok
79,77
ok
80,78
ok
81,79
ok
82,80
ok
83,81
ok
84,82
ok
85,83
ok
86,84
ok
87,85
ok
88,86
ok
89,87
ok
90,88
ok
91,89
ok
92,90
ok
93,91
ok
94,92
ok
95,93
ok
96,94
ok
97,95
ok
98,96
ok
99,97
ok
100,98
ok
101,99
ok
102,100
ok
103,101
ok
104,102
ok
105,103
ok
106,104
ok
107,105
ok
108,106
ok
109,107
ok
110,108
ok
111,109
ok
112,110
ok
113,111
ok
114,112
ok
115,113
ok
116,114
ok
117,115
ok
118,116
ok
119,117
ok
120,118
ok
121,119
ok
122,120
ok
123,121
ok
124,122
ok
125,123
ok
126,124
ok
127,125
ok
128,126
ok
129,127
ok
130,128
ok
131,129
ok
132,130
ok
133,131
ok
134,132
ok
135,133
ok
136,134
ok
137,135
ok
138,136
ok
139,137
ok
140,138
ok
141,139
ok
142,140
ok
143,141
ok
144,142
ok
145,143
ok
146,144
ok
147,145
ok
148,146
ok
149,147
ok
150,148
ok
151,149
ok
152,150
ok
153,151
ok
154,152
ok
155,153
ok
156,154
ok
157,155
ok
158,156
ok
159,157
ok
160,158
ok
161,159
ok
162,160
ok
163,161
ok
164,162
ok
165,163
ok
166,164
ok
167,165
ok
168,166
ok
169,167
ok
170,168
ok
171,169
ok
172,170
ok
173,171
ok
174,172
ok
175,173
ok
176,174
ok
177,175
ok
178,176
ok
179,177
ok
180,178
ok
181,179
ok
182,180
ok
183,181
ok
184,182
ok
185,183
ok
186,184
ok
187,185
ok
188,186
ok
189,187
ok
190,188
ok
191,189
ok
192,190
ok
193,191
ok
194,192
ok
195,193
ok
196,194
ok
197,195
ok
198,196
ok
199,197
ok
200,198
ok
201,199
ok
202,200
ok
203,201
ok
204,202
ok
205,203
ok
206,204
ok
207,205
ok
208,206
ok
209,207
ok
210,208
ok
211,209
ok
212,210
ok
213,211
ok
214,212
ok
215,213
ok
216,214
ok
217,215
ok
218,216
ok
219,217
ok
220,218
ok
221,219
ok
222,220
ok
223,221
ok
224,222
ok
225,223
ok
226,224
ok
227,225
ok
228,226
ok
229,227
ok
230,228
ok
231,229
ok
232,230
ok
233,231
ok
234,232
ok
235,233
ok
236,234
ok
237,235
ok
238,236
ok
239,237
ok
240,238
ok
241,239
ok
242,240
ok
243,241
ok
244,242
ok
245,243
ok
247,244
ok
248,245
ok
249,246
ok
250,247
ok
251,248
ok
252,249
ok
253,250
ok
254,251
ok
255,252
ok
256,253
ok
257,254
ok
258,255
ok
259,256
ok
260,257
ok
261,258
ok
262,259
ok
263,260
ok
264,261
ok
265,262
ok
266,263
ok
267,264
ok
268,265
ok
269,266
ok
270,267
ok
271,268
ok
272,269
ok
273,270
ok
274,271
ok
275,272
ok
276,273
ok
277,274
ok
278,275
ok
279,276
ok
280,277
ok
281,278
ok
282,279
ok
283,280
ok
284,281
ok
285,282
ok
286,283
ok
287,284
ok
288,285
ok
289,286
ok
290,287
ok
291,288
ok
292,289
ok
293,290
ok
294,291
ok
295,292
ok
296,293
ok
297,294
ok
298,295
ok
299,296
ok
300,297
ok
301,298
ok
302,299
ok
303,300
ok
304,301
ok
305,302
ok
306,303
ok
307,304
ok
308,305
ok
309,306
ok
310,307
ok
311,308
ok
312,309
ok
313,310
ok
314,311
ok
315,312
ok
316,313
ok
317,314
ok
318,315
ok
319,316
ok
320,317
ok
321,318
ok
322,319
ok
323,320
ok
324,321
ok
325,322
ok
326,323
ok
327,324
ok
328,325
ok
329,326
ok
330,327
ok
331,328
ok
332,329
ok
333,330
ok
334,331
ok
335,332
ok
336,333
ok
337,334
ok
338,335
ok
339,336
ok
340,337
ok
341,338
ok
342,339
ok
343,340
ok
344,341
ok
345,342
ok
346,343
ok
347,344
ok
348,345
ok
349,346
ok
350,347
ok
351,348
ok
352,349
ok
353,350
ok
354,351
ok
355,352
ok
356,353
ok
357,354
ok
358,355
ok
359,356
ok
360,357
ok
361,358
ok
362,359
ok
363,360
ok
364,361
ok
365,362
ok
366,363
ok
367,364
ok
368,365
ok
369,366
ok
370,367
ok
371,368
ok
372,369
ok
373,370
ok
374,371
ok
375,372
ok
376,373
ok
377,374
ok
378,375
ok
379,376
ok
380,377
ok
381,378
ok
382,379
ok
383,380
ok
384,381
ok
385,382
ok
386,383
ok
387,384
ok
388,385
ok
389,386
ok
390,387
ok
391,388
ok
392,389
ok
393,390
ok
394,391
ok
395,392
ok
396,393
ok
397,394
ok
398,395
ok
399,396
ok
400,397
ok
401,398
ok
402,399
ok
403,400
ok
404,401
ok
405,402
ok
406,403
ok
407,404
ok
408,405
ok
409,406
ok
410,407
ok
411,408
ok
412,409
ok
413,410
ok
414,411
ok
415,412
ok
416,413
ok
417,414
ok
418,415
ok
419,416
ok
420,417
ok
421,418
ok
422,419
ok
423,420
ok
424,421
ok
425,422
ok
426,423
ok
427,424
ok
428,425
ok
429,426
ok
430,427
ok
431,428
ok
432,429
ok
433,430
ok
434,431
ok
435,432
ok
436,433
ok
437,434
ok
438,435
ok
439,436
ok
440,437
ok
441,438
ok
442,439
ok
443,440
ok
444,441
ok
445,442
ok
446,443
ok
447,444
ok
448,445
ok
449,446
ok
450,447
ok
451,448
ok
452,449
ok
453,450
ok
454,451
ok
455,452
ok
456,453
ok
457,454
ok
458,455
ok
459,456
ok
460,457
ok
461,458
ok
462,459
ok
463,460
ok
464,461
ok
465,462
ok
466,463
ok
467,464
ok
468,465
ok
469,466
ok
470,467
ok
471,468
ok
472,469
ok
473,470
ok
474,471
ok
475,472
ok
476,473
ok
477,474
ok
478,475
ok
479,476
ok
480,477
ok
481,478
ok
482,479
ok
483,480
ok
484,481
ok
485,482
ok
486,483
ok
487,484
ok
488,485
ok
489,486
ok
490,487
ok
491,488
ok
492,489
ok
493,490
ok
494,491
ok
495,492
ok
496,493
ok
497,494
ok
498,495
ok
499,496
ok
500,497
ok
501,498
ok
502,499
ok
503,500
ok
504,501
ok
505,502
ok
506,503
ok
507,504
ok
508,505
ok
509,506
ok
510,507
ok
511,508
ok
512,509
ok
513,510
ok
514,511
ok
515,512
ok
516,513
ok
517,514
ok
518,515
ok
519,516
ok
520,517
ok
521,518
ok
522,519
ok
523,520
ok
524,521
ok
525,522
ok
526,523
ok
527,524
ok
528,525
ok
529,526
ok
530,527
ok
531,528
ok
532,529
ok
533,530
ok
534,531
ok
535,532
ok
536,533
ok
537,534
ok
538,535
ok
539,536
ok
540,537
ok
541,538
ok
542,539
ok
543,540
ok
544,541
ok
545,542
ok
546,543
ok
547,544
ok
548,545
ok
549,546
ok
550,547
ok
551,548
ok
552,549
ok
553,550
ok
554,551
ok
555,552
ok
556,553
ok
557,554
ok
558,555
ok
559,556
ok
560,557
ok
561,558
ok
562,559
ok
563,560
ok
564,561
ok
565,562
ok
566,563
ok
567,564
ok
568,565
ok
569,566
ok
570,567
ok
571,568
ok
572,569
ok
573,570
ok
574,571
ok
575,572
ok
576,573
ok
577,574
ok
578,575
ok
579,576
ok
580,577
ok
581,578
ok
582,579
ok
583,580
ok
584,581
ok
585,582
ok
586,583
ok
587,584
ok
588,585
ok
589,586
ok
590,587
ok
591,588
ok
592,589
ok
593,590
ok
594,591
ok
595,592
ok
596,593
ok
597,594
ok
598,595
ok
599,596
ok
600,597
ok
601,598
ok
602,599
ok
603,600
ok
604,601
ok
605,602
ok
606,603
ok
607,604
ok
608,605
ok
609,606
ok
610,607
ok
611,608
ok
612,609
ok
613,610
ok
614,611
ok
615,612
ok
616,613
ok
617,614
ok
618,615
ok
619,616
ok
620,617
ok
621,618
ok
622,619
ok
623,620
ok
624,621
ok
625,622
ok
626,623
ok
627,624
ok
628,625
ok
629,626
ok
630,627
ok
631,628
ok
632,629
ok
633,630
ok
634,631
ok
635,632
ok
636,633
ok
637,634
ok
638,635
ok
639,636
ok
640,637
ok
641,638
ok
642,639
ok
643,640
ok
644,641
ok
645,642
ok
646,643
ok
647,644
ok
648,645
ok
649,646
ok
650,647
ok
651,648
ok
652,649
ok
653,650
ok
654,651
ok
655,652
ok
656,653
ok
657,654
ok
658,655
ok
659,656
ok
660,657
ok
662,658
ok
663,659
ok
664,660
ok
665,661
ok
666,662
ok
667,663
ok
668,664
ok
669,665
ok
670,666
ok
671,667
ok
672,668
ok
673,669
ok
674,670
ok
675,671
ok
676,672
ok
677,673
ok
678,674
ok
679,675
ok
680,676
ok
681,677
ok
682,678
ok
683,679
ok
684,680
ok
685,681
ok
686,682
ok
687,683
ok
688,684
ok
689,685
ok
690,686
ok
691,687
ok
692,688
ok
693,689
ok
694,690
ok
695,691
ok
696,692
ok
697,693
ok
698,694
ok
699,695
ok
700,696
ok
701,697
ok
702,698
ok
703,699
ok
704,700
ok
705,701
ok
706,702
ok
707,703
ok
708,704
ok
709,705
ok
710,706
ok
711,707
ok
712,708
ok
713,709
ok
714,710
ok
715,711
ok
716,712
ok
717,713
ok
718,714
ok
719,715
ok
720,716
ok
721,717
ok
722,718
ok
723,719
ok
724,720
ok
725,721
ok
726,722
ok
727,723
ok
728,724
ok
729,725
ok
730,726
ok
731,727
ok
732,728
ok
733,729
ok
734,730
ok
735,731
ok
736,732
ok
737,733
ok
738,734
ok
739,735
ok
740,736
ok
741,737
ok
742,738
ok
743,739
ok
744,740
ok
745,741
ok
746,742
ok
747,743
ok
748,744
ok
749,745
ok
750,746
ok
751,747
ok
752,748
ok
753,749
ok
754,750
ok
755,751
ok
756,752
ok
757,753
ok
758,754
ok
759,755
ok
760,756
ok
761,757
ok
762,758
ok
763,759
ok
764,760
ok
765,761
ok
766,762
ok
767,763
ok
768,764
ok
769,765
ok
770,766
ok
771,767
ok
772,768
ok
773,769
ok
774,770
ok
775,771
ok
776,772
ok
777,773
ok
778,774
ok
779,775
ok
780,776
ok
781,777
ok
782,778
ok
783,779
ok
784,780
ok
785,781
ok
786,782
ok
787,783
ok
788,784
ok
789,785
ok
790,786
ok
791,787
ok
792,788
ok
793,789
ok
794,790
ok
795,791
ok
796,792
ok
797,793
ok
798,794
ok
799,795
ok
800,796
ok
801,797
ok
802,798
ok
803,799
ok
804,800
ok
805,801
ok
806,802
ok
807,803
ok
808,804
ok
809,805
ok
810,806
ok
811,807
ok
812,808
ok
813,809
ok
814,810
ok
815,811
ok
816,812
ok
817,813
ok
818,814
ok
819,815
ok
820,816
ok
821,817
ok
822,818
ok
823,819
ok
824,820
ok
825,821
ok
826,822
ok
827,823
ok
828,824
ok
829,825
ok
830,826
ok
831,827
ok
832,828
ok
833,829
ok
834,830
ok
835,831
ok
836,832
ok
837,833
ok
838,834
ok
839,835
ok
840,836
ok
841,837
ok
842,838
ok
843,839
ok
844,840
ok
845,841
ok
846,842
ok
847,843
ok
848,844
ok
849,845
ok
850,846
ok
851,847
ok
852,848
ok
853,849
ok
854,850
ok
855,851
ok
856,852
ok
857,853
ok
858,854
ok
859,855
ok
860,856
ok
861,857
ok
862,858
ok
863,859
ok
864,860
ok
865,861
ok
866,862
ok
867,863
ok
868,864
ok
869,865
ok
870,866
ok
871,867
ok
872,868
ok
873,869
ok
874,870
ok
875,871
ok
876,872
ok
877,873
ok
878,874
ok
879,875
ok
880,876
ok
881,877
ok
882,878
ok
883,879
ok
884,880
ok
885,881
ok
886,882
ok
887,883
ok
888,884
ok
889,885
ok
890,886
ok
891,887
ok
no. of outcomes = 891,888
